   1    2     9.94366     0.50000
   1    3    19.91973     0.50000
   1    4    14.90748     0.50000
   1    5    12.03601     0.50000
   1    6    12.43626     0.50000
   2    3    10.45488     0.50000
   2    4    10.27038     0.50000
   2    5    15.30150     0.50000
   2    6    10.52784     0.50000
   2    7    14.60516     0.50000
   2   19    16.49547     0.50000
   2   20    19.13536     0.50000
   2   24    18.08904     0.50000
   3    4    10.73238     0.50000
   3    6    16.21059     0.50000
   3    7    12.62092     0.50000
   3    8    18.90661     0.50000
   3   19    12.18588     0.50000
   3   20    10.34705     0.50000
   3   21    16.20579     0.50000
   3   24    15.94633     0.50000
   4    5    13.47113     0.50000
   4    6    13.57085     0.50000
   4    7    17.62723     0.50000
   4    8    18.54417     0.50000
   4   18    14.16368     0.50000
   4   19    11.14875     0.50000
   4   20    16.99417     0.50000
   5    6     9.75153     0.50000
   5    8    18.39362     0.50000
   5   14    15.08998     0.50000
   5   15    13.38710     0.50000
   5   16    13.16222     0.50000
   5   17    16.24323     0.50000
   5   18     9.36504     0.50000
   5   19    17.30224     0.50000
   6    7    12.06654     0.50000
   6    8    13.94111     0.50000
   6   14    17.51569     0.50000
   6   15    14.37167     0.50000
   6   16    19.51302     0.50000
   6   18    13.87049     0.50000
   6   19    14.35386     0.50000
   7    8    11.56522     0.50000
   7   19    12.57858     0.50000
   7   20    11.86796     0.50000
   7   21    18.33799     0.50000
   7   24    13.99419     0.50000
   8    9    14.14382     0.50000
   8   14    14.51623     0.50000
   8   15    17.18358     0.50000
   8   18    13.63395     0.50000
   8   19     9.36069     0.50000
   8   20    14.85609     0.50000
   9   10    11.08040     0.50000
   9   11    19.53040     0.50000
   9   13    16.61617     0.50000
   9   14     9.43813     0.50000
   9   15    17.52569     0.50000
   9   17    19.43829     0.50000
   9   18    13.38011     0.50000
   9   19    18.66026     0.50000
  10   11     9.77029     0.50000
  10   12    14.08993     0.50000
  10   13    11.41226     0.50000
  10   14    12.87879     0.50000
  10   15    19.68771     0.50000
  10   16    19.04913     0.50000
  10   17    17.05064     0.50000
  10   18    19.58129     0.50000
  11   12     8.03428     0.50000
  11   13    10.76665     0.50000
  11   14    17.82563     0.50000
  11   16    18.87337     0.50000
  11   17    17.10344     0.50000
  12   13     8.32634     0.50000
  12   14    18.33208     0.50000
  12   16    15.38575     0.50000
  12   17    14.08795     0.50000
  13   14    11.73830     0.50000
  13   15    15.14726     0.50000
  13   16    10.58784     0.50000
  13   17    10.38722     0.50000
  13   18    18.23184     0.50000
  14   15     8.55782     0.50000
  14   16    11.75007     0.50000
  14   17    14.71369     0.50000
  14   18    10.59176     0.50000
  14   19    19.54484     0.50000
  15   16     9.76721     0.50000
  15   17    17.56922     0.50000
  15   18    14.46684     0.50000
  16   17     9.62886     0.50000
  16   18    14.98929     0.50000
  17   18    14.68470     0.50000
  18   19    12.76222     0.50000
  19   20    10.01444     0.50000
  20   21    16.05954     0.50000
  20   24    18.44423     0.50000
  21   22    14.30537     0.50000
  21   23    11.19304     0.50000
  21   24    10.62934     0.50000
  21   25    15.53998     0.50000
  21   26    11.36174     0.50000
  21   27    14.81063     0.50000
  22   23     9.75566     0.50000
  22   24    19.96132     0.50000
  22   26    15.23612     0.50000
  22   27     8.20004     0.50000
  22   28    15.42459     0.50000
  22   30    14.92396     0.50000
  22   31     9.87611     0.50000
  22   32    14.18779     0.50000
  22   33    18.69748     0.50000
  23   24    11.38619     0.50000
  23   25    16.32823     0.50000
  23   26    11.88721     0.50000
  23   27    13.40403     0.50000
  23   28    17.96759     0.50000
  23   29    18.81924     0.50000
  23   30    12.89060     0.50000
  23   31    14.52888     0.50000
  24   25    10.80110     0.50000
  24   26    14.08598     0.50000
  25   26    10.64717     0.50000
  25   29    16.75245     0.50000
  25   30    18.97240     0.50000
  26   27    11.20406     0.50000
  26   28    12.56690     0.50000
  26   29    12.14927     0.50000
  26   30    13.21280     0.50000
  26   31    17.81881     0.50000
  27   28     8.88672     0.50000
  27   29    16.32194     0.50000
  27   30    13.59983     0.50000
  27   31    10.84766     0.50000
  27   32    15.74822     0.50000
  27   33    17.84194     0.50000
  28   29     9.92275     0.50000
  28   30    10.61593     0.50000
  28   31    11.65146     0.50000
  28   32    17.54229     0.50000
  28   33    18.63560     0.50000
  29   30     9.37651     0.50000
  29   31    17.29898     0.50000
  30   31     9.92967     0.50000
  30   32    18.87932     0.50000
  31   32     9.31072     0.50000
  31   33    14.42648     0.50000
  32   33     7.05549     0.50000
  32   34    13.77833     0.50000
  32   35    19.95173     0.50000
  33   34     6.83395     0.50000
  33   35    13.22682     0.50000
  34   35     6.94442     0.50000
