  1   2     0.47200
  1   3     0.64121
  1   4     0.51136
  1   5     1.37387
  1   6     0.80069
  2   3     0.48936
  2   4     0.37593
  2   5     0.59441
  2   6     0.32169
  2   7     1.33545
  2  19     0.82639
  2  20     1.11100
  2  24     2.18570
  3   4     0.63391
  3   6     0.96821
  3   7     0.99020
  3   8     0.67990
  3  19     0.50777
  3  20     0.91213
  3  21     1.43833
  3  24     2.29819
  4   5     0.33640
  4   6     0.52432
  4   7     0.61676
  4   8     0.42059
  4  18     0.38511
  4  19     0.40286
  4  20     0.77413
  5   6     0.24023
  5   8     0.52518
  5  14     0.82384
  5  15     1.30702
  5  16     1.35094
  5  17     1.37781
  5  18     0.51648
  5  19     0.37150
  6   7     0.62099
  6   8     0.61824
  6  14     0.68765
  6  15     1.25211
  6  16     1.54013
  6  18     0.40964
  6  19     0.59607
  7   8     0.30707
  7  19     0.43063
  7  20     0.78807
  7  21     2.35546
  7  24     2.26888
  8   9     0.23369
  8  14     0.44205
  8  15     1.33544
  8  18     0.33340
  8  19     0.35938
  8  20     0.91624
  9  10     0.79386
  9  11     2.07284
  9  13     1.03495
  9  14     0.39607
  9  15     1.13975
  9  17     1.53256
  9  18     0.42704
  9  19     0.54775
 10  11     0.81586
 10  12     2.98310
 10  13     1.38556
 10  14     1.52681
 10  15     2.15102
 10  16     2.12013
 10  17     3.87880
 10  18     2.04224
 11  12     1.05113
 11  13     2.77042
 11  14     3.27502
 11  16     3.07174
 11  17     4.25473
 12  13     0.89088
 12  14     2.04041
 12  16     3.13497
 12  17     3.81749
 13  14     0.79527
 13  15     2.25197
 13  16     2.18842
 13  17     1.16068
 13  18     0.94986
 14  15     1.03225
 14  16     0.90271
 14  17     0.71606
 14  18     0.37841
 14  19     0.37960
 15  16     0.59461
 15  17     0.68137
 15  18     0.93108
 16  17     0.50698
 16  18     0.95074
 17  18     0.43171
 18  19     0.16841
 19  20     0.39253
 20  21     0.53307
 20  24     1.16672
 21  22     0.27200
 21  23     0.45713
 21  24     0.59172
 21  25     0.49416
 21  26     0.31048
 21  27     0.31811
 22  23     0.25003
 22  24     0.35852
 22  26     0.37106
 22  27     0.53425
 22  28     0.51470
 22  30     0.39307
 22  31     0.75836
 22  32     1.04029
 22  33     1.11473
 23  24     0.24101
 23  25     0.59257
 23  26     0.27179
 23  27     0.30660
 23  28     0.55841
 23  29     0.90872
 23  30     0.64454
 23  31     0.57651
 24  25     0.38507
 24  26     0.43780
 25  26     0.32139
 25  29     2.04732
 25  30     1.41005
 26  27     0.42185
 26  28     1.04320
 26  29     1.24298
 26  30     0.83868
 26  31     0.70036
 27  28     0.22747
 27  29     0.64729
 27  30     0.33796
 27  31     0.58444
 27  32     0.88756
 27  33     1.76989
 28  29     0.43590
 28  30     0.31695
 28  31     0.50395
 28  32     1.42290
 28  33     2.59214
 29  30     0.27168
 29  31     0.54213
 30  31     0.37407
 30  32     1.10236
 31  32     1.00693
 31  33     1.35620
 32  33     0.31838
 32  34     0.40276
 32  35     1.71112
 33  34     0.23204
 33  35     1.51991
 34  35     1.24209
